Arguments: 
  /home/mairon/.nvm/versions/node/v16.13.0/bin/node /usr/share/yarn/bin/yarn.js

PATH: 
  /home/mairon/.nvm/versions/node/v16.13.0/bin:/usr/local/sbin:/usr/local/bin:/usr/sbin:/usr/bin:/sbin:/bin:/usr/games:/usr/local/games:/usr/lib/wsl/lib:/mnt/c/Windows/system32:/mnt/c/Windows:/mnt/c/Windows/System32/Wbem:/mnt/c/Windows/System32/WindowsPowerShell/v1.0/:/mnt/c/Windows/System32/OpenSSH/:/mnt/c/Program Files/nodejs/:/mnt/c/Program Files/Git/cmd:/mnt/c/Program Files/PuTTY/:/mnt/c/ProgramData/chocolatey/bin:/mnt/c/Users/Mairon Vilela/AppData/Local/Microsoft/WindowsApps:/mnt/c/Users/Mairon Vilela/AppData/Roaming/npm:/mnt/c/Users/Mairon Vilela/AppData/Local/Programs/Microsoft VS Code/bin:/mnt/c/Users/Mairon Vilela/AppData/Local/atom/bin

Yarn version: 
  1.22.15

Node version: 
  16.13.0

Platform: 
  linux x64

Trace: 
  SyntaxError: /home/mairon/.cache/yarn/v6/npm-registry-auth-token-4.2.1-6d7b4006441918972ccd5fedcd41dc322c79b250-integrity/node_modules/registry-auth-token/.yarn-metadata.json: Unexpected end of JSON input
      at JSON.parse (<anonymous>)
      at /usr/share/yarn/lib/cli.js:1625:59
      at Generator.next (<anonymous>)
      at step (/usr/share/yarn/lib/cli.js:310:30)
      at /usr/share/yarn/lib/cli.js:321:13

npm manifest: 
  {
    "name": "rentx",
    "version": "1.0.0",
    "main": "index.js",
    "license": "MIT",
    "scripts": {
      "dev": "ts-node-dev -r tsconfig-paths/register --poll --inspect  --transpile-only --ignore-watch node_modules --respawn src/shared/infra/http/server.ts",
      "typeorm": "ts-node-dev -r tsconfig-paths/register ./node_modules/typeorm/cli",
      "seed:admin": "ts-node-dev -r tsconfig-paths/register src/shared/infra/typeorm/seeds/admin.ts",
      "test": "cross-env NODE_ENV=test & jest --runInBand  --detectOpenHandles"
    },
    "devDependencies": {
      "@types/jest": "^26.0.23",
      "@types/jsonwebtoken": "^8.5.1",
      "@types/multer": "^1.4.5",
      "@types/swagger-ui-express": "^4.1.2",
      "@typescript-eslint/eslint-plugin": "^4.24.0",
      "@typescript-eslint/parser": "^4.24.0",
      "eslint": "^7.26.0",
      "eslint-config-airbnb-base": "^14.2.1",
      "eslint-config-prettier": "^8.3.0",
      "eslint-import-resolver-typescript": "^2.4.0",
      "eslint-plugin-import": "2.22.1",
      "eslint-plugin-import-helpers": "^1.1.0",
      "eslint-plugin-prettier": "^3.4.0",
      "jest": "^27.0.4",
      "prettier": "^2.3.0",
      "ts-jest": "^27.0.2",
      "ts-node-dev": "^1.1.6",
      "tsconfig-paths": "^3.9.0",
      "typescript": "^4.2.4"
    },
    "dependencies": {
      "@types/bcryptjs": "^2.4.2",
      "@types/express": "^4.17.11",
      "@types/uuid": "^8.3.0",
      "bcryptjs": "^2.4.3",
      "cross-env": "^7.0.3",
      "csv-parse": "^4.15.4",
      "date-fns": "^2.22.1",
      "dayjs": "^1.10.5",
      "dotenv": "^10.0.0",
      "express": "^4.17.1",
      "express-async-errors": "^3.1.1",
      "jsonwebtoken": "^8.5.1",
      "multer": "^1.4.2",
      "nodemon": "^2.0.7",
      "pg": "^8.6.0",
      "reflect-metadata": "^0.1.13",
      "supertest": "^6.1.3",
      "swagger-ui-express": "^4.1.6",
      "tsyringe": "^4.5.0",
      "typeorm": "^0.2.32",
      "uuid": "^8.3.2"
    }
  }

yarn manifest: 
  No manifest

Lockfile: 
  No lockfile
